1716294829754 227#99757575757575
1716294829762 207#EC9EED9EEE9E2D
1716294829807 305#79F26E4E729F699D
1716294829856 325#680C1000000000
1716294829890 181#A8000003
1716294829920 182#A8000003
1716294829949 345#747700
1716294830004 128#C0
1716294830007 308#1FE506000000
1716294830018 328#97B6000030
1716294830065 004#E000
1716294830109 201#900000
1716294830133 202#900000
1716294830144 224#FF7FFF7FFF7FFF7F
1716294830167 181#492A2A04
1716294830220 182#49362A04
1716294830225 181#4AD52A05
1716294830245 182#4AE12C05
1716294830276 368#0000FCA09BA196A1
1716294830324 388#2DE40100
1716294830350 3A8#F66C576C4C642F67
1716294830375 008#000003000000
1716294830427 025#40
1716294830443 182#27000006
1716294830456 181#26000006
1716294830474 181#27000007
1716294830516 182#26000007
1716294830545 004#E000
1716294830567 201#900000
1716294830578 202#900000
1716294830597 224#FF7FFF7FFF7FFF7F
1716294830615 109#3C00
1716294830630 025#40
1716294830634 008#000003000000
1716294830636 202#900000
1716294830645 004#E000
1716294830667 201#900000
1716294830679 224#FF7FFF7FFF7FFF7F
1716294830694 025#40
1716294830741 008#000003000000
1716294830792 004#E000
1716294830846 201#900000
1716294830877 202#900000
1716294830892 224#FF7FFF7FFF7FFF7F
1716294830899 025#40
1716294830900 008#000003000000
1716294830934 004#E000
1716294830982 201#900000
1716294831012 202#900000
1716294831037 224#FF7FFF7FFF7FFF7F
1716294831084 025#40
1716294831117 227#9C757575747575
1716294831125 207#EE9EED9EEE9E30
1716294831171 305#79F21A55729F689D
1716294831203 325#680C1100000000
1716294831256 008#000003000000
1716294831302 004#E000
1716294831341 201#900000
1716294831352 202#900000
1716294831373 224#FF7FFF7FFF7FFF7F
1716294831418 181#40004281020B
1716294831458 182#40004280020B
1716294831490 025#40
1716294831521 004#E000
1716294831522 201#900000
1716294831529 202#900000
1716294831583 224#FF7FFF7FFF7FFF7F
1716294831593 008#000003000000
1716294831606 025#40
1716294831614 004#E000
1716294831641 201#900000
1716294831676 202#900000
1716294831703 224#FF7FFF7FFF7FFF7F
1716294831729 008#000003000000
1716294831734 204#20
1716294831766 046#80
1716294831775 025#40
1716294831817 32A#FF7F
1716294831866 30A#FF7F
1716294831885 004#E000
1716294831915 201#900000
1716294831964 202#900000
1716294831995 224#FF7FFF7FFF7FFF7F
1716294832018 008#000003000000
1716294832035 025#40
1716294832074 004#E000
1716294832107 201#900000
1716294832145 202#900000
1716294832172 224#FF7FFF7FFF7FFF7F
1716294832202 182#D80004000001
1716294832250 181#D80004000001
1716294832292 181#8F2000040002
1716294832315 182#8F2000040002
1716294832322 025#40
1716294832347 227#9F747575747475
1716294832371 207#ED9EEC9EE59E33
1716294832408 305#79F2865B739F6A9D
1716294832412 325#680C1300000000
1716294832453 368#0000FDA09CA195A1
1716294832471 388#2EE40100
1716294832502 181#A8000003
1716294832519 108#0001000100010001
1716294832552 3A8#2B6D8C6CBD65CE67
