1716294816794 128#C0
1716294816843 308#FFF906000000
1716294816846 328#97B6000030
1716294816862 181#492B2A04
1716294816898 182#49352A04
1716294816932 004#E000
1716294816981 201#900000
1716294817017 202#900000
1716294817018 224#FF7FFF7FFF7FFF7F
1716294817038 368#0000FFA09BA197A1
1716294817052 388#30E40100
1716294817082 3A8#C96D2B6DBD650268
1716294817133 008#000003000000
1716294817142 181#4AD72A05
1716294817186 182#4AE02C05
1716294817202 025#00
1716294817224 182#27000006
1716294817238 181#26000006
1716294817268 181#27000007
1716294817282 182#26000007
1716294817327 004#E000
1716294817376 201#900000
1716294817424 202#900000
1716294817433 224#FF7FFF7FFF7FFF7F
1716294817479 008#000003000000
1716294817525 025#00
1716294817566 004#E000
1716294817605 201#900000
1716294817620 202#900000
1716294817671 224#FF7FFF7FFF7FFF7F
1716294817722 109#3C00
1716294817770 025#00
1716294817820 008#000003000000
1716294817826 224#FF7FFF7FFF7FFF7F
1716294817833 201#900000
1716294817873 202#900000
1716294817899 004#E000
1716294817916 430#7C076D070000
1716294817961 025#00
1716294817986 008#000003000000
1716294817987 32A#FF7F
1716294817995 30A#FF7F
1716294818026 004#E000
1716294818038 201#900000
1716294818048 202#900000
1716294818090 224#FF7FFF7FFF7FFF7F
1716294818099 025#00
1716294818151 227#7E647676767575
1716294818183 207#649F659F689F12
1716294818221 305#79F26000759F6A9D
1716294818273 325#300C0000000000
1716294818292 008#000003000000
1716294818322 181#40004281020B
1716294818335 182#40004280020B
1716294818338 004#E000
1716294818375 201#900000
1716294818400 202#900000
1716294818422 224#FF7FFF7FFF7FFF7F
1716294818457 025#00
1716294818502 008#000003000000
1716294818547 004#E000
1716294818552 201#900000
1716294818578 202#900000
1716294818616 224#FF7FFF7FFF7FFF7F
1716294818641 025#00
1716294818677 008#000003000000
1716294818723 004#E000
1716294818777 046#80
1716294818781 204#20
1716294818815 201#900000
1716294818850 202#900000
1716294818903 224#FF7FFF7FFF7FFF7F
1716294818913 025#40
1716294818923 025#40
1716294818968 025#40
1716294819003 008#000003000000
1716294819014 004#E000
1716294819028 201#900000
1716294819054 202#900000
1716294819067 224#FF7FFF7FFF7FFF7F
1716294819071 025#40
1716294819124 005#00040000
1716294819159 008#000003000000
1716294819214 004#E000
1716294819250 201#900000
1716294819276 202#900000
1716294819279 224#FF7FFF7FFF7FFF7F
1716294819298 182#D80004000001
1716294819337 181#D80004000001
1716294819368 181#8F2000040002
1716294819415 182#8F2000040002
1716294819428 025#40
1716294819456 005#00040000
1716294819488 227#81767575757575
1716294819498 207#649F699F6B9F15
1716294819522 305#79F26000739F6A9D
1716294819540 325#350C0000000000
1716294819558 181#A8000003
1716294819568 182#A8000003
1716294819574 345#747700
1716294819575 128#C0
1716294819619 308#FFFD06000000
1716294819654 328#ADB6000030
1716294819679 181#492B2A04
1716294819722 182#49342A04
1716294819740 004#E000
1716294819794 201#900000
1716294819804 202#900000
1716294819850 224#FF7FFF7FFF7FFF7F
1716294819900 181#4AD72A05
1716294819923 182#4ADD2C05
1716294819967 025#40
1716294819987 005#00040000
1716294820028 368#0000E2A080A17EA1
1716294820082 388#E0E30100
1716294820099 3A8#FE6DF66C81643768
1716294820148 3C8#CC8CFF7F
1716294820197 461#0100000001
1716294820234 182#27000006
1716294820254 348#DA4F
1716294820288 108#0001000100010001
1716294820325 181#26000006
1716294820343 181#27000007
1716294820368 182#26000007
1716294820418 008#000003000000
1716294820464 025#40
1716294820490 004#E000
1716294820503 201#900000
1716294820518 202#900000
1716294820569 224#FF7FFF7FFF7FFF7F
1716294820576 025#40
1716294820590 008#000003000000
1716294820626 109#3C00
1716294820641 004#E000
1716294820687 201#900000
1716294820723 202#900000
1716294820734 224#FF7FFF7FFF7FFF7F
1716294820769 025#40
1716294820801 008#000003000000
1716294820820 004#E000
1716294820856 201#900000
1716294820864 202#900000
1716294820871 224#FF7FFF7FFF7FFF7F
1716294820904 025#40
1716294820940 008#000003000000
1716294820989 004#E000
1716294821041 201#900000
1716294821061 202#900000
1716294821105 224#FF7FFF7FFF7FFF7F
1716294821139 025#40
1716294821157 227#84757575747574
1716294821177 207#669F689F6B9F18
1716294821209 305#59F2C715739F6A9D
1716294821246 325#720C0500000000
1716294821283 181#40004281020B
1716294821307 182#40004280020B
1716294821314 008#000003000000
1716294821365 004#E000
1716294821398 201#900000
1716294821423 202#900000
1716294821454 224#FF7FFF7FFF7FFF7F
1716294821509 025#40
1716294821547 004#E000
1716294821578 201#900000
1716294821602 202#900000
1716294821657 224#FF7FFF7FFF7FFF7F
1716294821665 008#000003000000
1716294821688 025#40
1716294821705 004#E000
1716294821711 046#80
1716294821726 204#20
1716294821731 201#900000
1716294821780 202#900000
1716294821791 224#FF7FFF7FFF7FFF7F
1716294821839 008#000003000000
1716294821856 025#40
1716294821871 004#E000
1716294821892 201#900000
1716294821919 202#900000
1716294821945 224#FF7FFF7FFF7FFF7F
1716294821986 008#000003000000
1716294822027 025#40
1716294822068 182#D80004000001
1716294822096 004#E000
1716294822134 201#900000
1716294822159 202#900000
1716294822189 224#FF7FFF7FFF7FFF7F
1716294822199 181#D80004000001
1716294822201 181#8F2000040002
1716294822214 182#8F2000040002
1716294822264 025#40
1716294822304 227#87747574757575
1716294822351 207#709F6E9F6C9F1B
1716294822352 305#79F2181F729F679D
1716294822353 325#630C0500000000
1716294822406 181#A8000003
1716294822448 182#A8000003
1716294822487 345#747700
1716294822522 128#C0
1716294822550 308#1FE506000000
1716294822569 328#97B6000030
1716294822614 368#0000ECA08BA184A1
1716294822655 388#FBE30100
1716294822679 3A8#946DC16CBD65DE69
1716294822717 181#492C2A04
1716294822749 008#000003000000
1716294822786 182#49342A04
1716294822819 004#E000
1716294822839 201#900000
1716294822860 202#900000
1716294822905 224#FF7FFF7FFF7FFF7F
1716294822916 181#4ADA2A05
1716294822964 182#4AE72C05
1716294822971 025#40
1716294823016 182#27000006
1716294823051 181#26000006
1716294823064 181#27020007
1716294823112 182#26000007
1716294823151 008#000003000000
1716294823203 004#E000
1716294823214 201#900000
1716294823219 202#900000
1716294823234 224#FF7FFF7FFF7FFF7F
1716294823275 025#40
1716294823276 004#E000
1716294823320 201#900000
1716294823337 202#900000
1716294823345 224#FF7FFF7FFF7FFF7F
1716294823383 008#000003000000
1716294823434 025#40
1716294823481 004#E000
1716294823510 201#900000
1716294823548 202#900000
1716294823559 224#FF7FFF7FFF7FFF7F
1716294823589 430#7D0730110000
1716294823642 008#000003000000
1716294823674 025#40
1716294823711 004#E000
1716294823728 201#900000
1716294823745 202#900000
1716294823750 224#FF7FFF7FFF7FFF7F
1716294823751 008#000003000000
1716294823805 025#40
1716294823846 227#8A757575747474
1716294823852 207#639F679F6B9F1E
1716294823875 305#79F2E827739F689D
1716294823881 325#680C0800000000
1716294823913 109#3C00
1716294823926 181#40004281020B
1716294823945 182#40004280020B
1716294823980 004#E000
1716294824024 201#900000
1716294824048 202#900000
1716294824083 224#FF7FFF7FFF7FFF7F
1716294824138 025#40
1716294824187 008#000003000000
1716294824218 004#E000
1716294824268 201#900000
1716294824273 202#900000
1716294824305 224#FF7FFF7FFF7FFF7F
1716294824310 025#40
1716294824364 008#000003000000
1716294824385 004#E000
1716294824397 046#80
1716294824410 204#20
1716294824452 201#900000
1716294824477 202#900000
1716294824524 224#FF7FFF7FFF7FFF7F
1716294824546 025#40
1716294824563 008#000003000000
1716294824581 025#40
1716294824586 008#000003000000
1716294824631 182#D80004000001
1716294824667 181#D80004000001
1716294824713 181#8F2000040002
1716294824748 182#8F2000040002
1716294824758 025#40
1716294824762 227#8D747474747474
1716294824805 207#639F699F6F9F21
1716294824822 305#79F25830739F689D
1716294824859 325#6D0C0B00000000
1716294824868 181#A8000003
1716294824904 182#A8000003
1716294824915 345#747700
1716294824952 128#C0
1716294824986 308#1FE506000000
1716294825032 247#00
1716294825050 007#00
1716294825101 307#000000
1716294825147 328#C5B6000030
1716294825171 441#0100000001
1716294825187 181#492A2A04
1716294825207 182#49342A04
1716294825218 181#4AD32A05
1716294825243 368#0000FCA097A192A1
1716294825282 388#25E40100
1716294825291 3A8#606D576C64679967
1716294825297 182#4AE72C05
1716294825323 008#000003000000
1716294825329 025#40
1716294825361 182#27000006
1716294825404 181#26000006
1716294825448 181#27000007
1716294825503 182#26000007
1716294825526 008#000003000000
1716294825558 025#40
1716294825599 025#40
1716294825605 008#000003000000
1716294825658 109#3C00
1716294825685 025#40
1716294825715 008#000003000000
1716294825751 025#40
1716294825788 227#90747474747473
1716294825823 207#F39EE99EE89E24
1716294825862 305#79F26638739F689D
1716294825916 325#680C0B00000000
1716294825957 008#000003000000
1716294825985 004#E000
1716294826020 201#900000
1716294826068 202#900000
1716294826072 224#FF7FFF7FFF7FFF7F
1716294826078 181#40004281020B
1716294826088 182#40004280020B
1716294826139 025#40
1716294826181 202#900000
1716294826227 008#000003000000
1716294826253 004#E000
1716294826277 201#900000
1716294826315 224#FF7FFF7FFF7FFF7F
1716294826353 025#40
1716294826355 004#E000
1716294826366 201#900000
1716294826392 202#900000
1716294826414 224#FF7FFF7FFF7FFF7F
1716294826441 008#000003000000
1716294826470 204#20
1716294826495 046#80
1716294826548 025#40
1716294826562 004#E000
1716294826577 201#900000
1716294826595 202#900000
1716294826614 224#FF7FFF7FFF7FFF7F
1716294826640 008#000003000000
1716294826666 025#40
1716294826692 004#E000
1716294826741 201#900000
1716294826768 202#900000
1716294826788 224#FF7FFF7FFF7FFF7F
1716294826824 182#D80004000001
